<?xml version="1.0" encoding="UTF-8"?>
<!-- Generated by org.testng.reporters.JUnitReportReporter -->
<testsuite hostname="DESKTOP-TJUA0NC" failures="0" tests="2" name="HomePageTests" time="7.460" errors="0" timestamp="2022-12-05T11:45:35 IST" skipped="0">
  <testcase classname="HomePageTests" name="shouldVerifyTitle" time="2.613"/>
  <system-out/>
  <testcase classname="HomePageTests" name="shouldAssertTheVisionOfTheCompany" time="4.847"/>
  <system-out/>
</testsuite> <!-- HomePageTests -->
