<?xml version="1.0" encoding="UTF-8"?>
<!-- Generated by org.testng.reporters.JUnitReportReporter -->
<testsuite hostname="DESKTOP-TJUA0NC" failures="0" tests="1" name="SearchTests" time="50.441" errors="0" timestamp="2022-12-05T11:10:30 IST" skipped="0">
  <testcase classname="SearchTests" name="shouldVerifySearchResults" time="50.441"/>
  <system-out/>
</testsuite> <!-- SearchTests -->
