<?xml version="1.0" encoding="UTF-8"?>
<!-- Generated by org.testng.reporters.JUnitReportReporter -->
<testsuite hostname="DESKTOP-TJUA0NC" failures="0" tests="1" name="CartTests" time="22.661" errors="0" timestamp="2022-12-05T15:19:41 IST" skipped="0">
  <testcase classname="CartTests" name="shouldClearCart" time="22.661"/>
  <system-out/>
</testsuite> <!-- CartTests -->
