<?xml version="1.0" encoding="UTF-8"?>
<!-- Generated by org.testng.reporters.JUnitReportReporter -->
<testsuite hostname="DESKTOP-TJUA0NC" failures="0" tests="2" name="CartTests" time="42.580" errors="0" timestamp="2022-12-05T18:41:48 IST" skipped="0">
  <testcase classname="CartTests" name="shouldAddItemCart" time="21.971"/>
  <system-out/>
  <testcase classname="CartTests" name="shouldClearCart" time="20.609"/>
  <system-out/>
</testsuite> <!-- CartTests -->
